<?xml version="1.0" encoding="UTF-8"?>
<testsuite name="models.BookTest" tests="2" skipped="0" failures="0" errors="0" timestamp="2024-11-26T13:46:22" hostname="LAPTOP-T9IQ51V1" time="0.008">
  <properties/>
  <testcase name="test2NonEqualBooks()" classname="models.BookTest" time="0.005"/>
  <testcase name="test2EqualBooks()" classname="models.BookTest" time="0.002"/>
  <system-out><![CDATA[]]></system-out>
  <system-err><![CDATA[]]></system-err>
</testsuite>
