<?xml version="1.0" encoding="UTF-8"?>
<testsuite name="models.LoanTest" tests="1" skipped="0" failures="0" errors="0" timestamp="2024-11-26T13:46:22" hostname="LAPTOP-T9IQ51V1" time="0.023">
  <properties/>
  <testcase name="testDueDate()" classname="models.LoanTest" time="0.023"/>
  <system-out><![CDATA[]]></system-out>
  <system-err><![CDATA[]]></system-err>
</testsuite>
