<?xml version="1.0" encoding="UTF-8"?>
<testsuite name="models.BookCatalogTest" tests="5" skipped="0" failures="0" errors="0" timestamp="2024-11-26T13:46:22" hostname="LAPTOP-T9IQ51V1" time="0.066">
  <properties/>
  <testcase name="testAddABook()" classname="models.BookCatalogTest" time="0.033"/>
  <testcase name="testFindBook()" classname="models.BookCatalogTest" time="0.004"/>
  <testcase name="testFindBookIgnoringCase()" classname="models.BookCatalogTest" time="0.004"/>
  <testcase name="testFindBookWithExtraSpaces()" classname="models.BookCatalogTest" time="0.001"/>
  <testcase name="testFindBookThatDoesntExist()" classname="models.BookCatalogTest" time="0.012"/>
  <system-out><![CDATA[]]></system-out>
  <system-err><![CDATA[]]></system-err>
</testsuite>
